<?xml version="1.0" encoding="UTF-8"?>
<testsuite name="com.bridgelab.censusanalyserTests.StateCensusTests" tests="1" skipped="0" failures="0" errors="0" timestamp="2019-11-30T06:52:12" hostname="admin165-desktop" time="0.003">
  <properties/>
  <testcase name="givenWrongFileName_ShouldThrowFileNotFoundException" classname="com.bridgelab.censusanalyserTests.StateCensusTests" time="0.003"/>
  <system-out><![CDATA[]]></system-out>
  <system-err><![CDATA[]]></system-err>
</testsuite>
