<?xml version="1.0" encoding="UTF-8"?>
<testsuite name="com.bridgelab.censusanalyserTests.StateCensusTests" tests="1" skipped="0" failures="0" errors="0" timestamp="2019-11-30T12:01:28" hostname="admin165-desktop" time="0.046">
  <properties/>
  <testcase name="givenWrongDelimer_ShouldThrowRunTimeException" classname="com.bridgelab.censusanalyserTests.StateCensusTests" time="0.046"/>
  <system-out><![CDATA[]]></system-out>
  <system-err><![CDATA[]]></system-err>
</testsuite>
