<?xml version="1.0" encoding="UTF-8"?>
<testsuite name="com.bridgelab.censusanalyserTests.StateCensusTests" tests="1" skipped="0" failures="0" errors="0" timestamp="2019-12-04T04:18:32" hostname="admin105-desktop" time="0.171">
  <properties/>
  <testcase name="givenNumOfRecords_ChecksWhetherMatchesOrNot_" classname="com.bridgelab.censusanalyserTests.StateCensusTests" time="0.171"/>
  <system-out><![CDATA[]]></system-out>
  <system-err><![CDATA[]]></system-err>
</testsuite>
